2.16627e+06 1 31
2.96073e+06 12581 12451 158 10
2.94326e+06 12451 12321 253 16
2.91406e+06 12321 11603 793 4
1.22698e+06 4622 4505 460 19
1.05264e+06 3957 2791 484 6
1.48513e+06 6248 5226 696 15
927742 2791 1935 569 2
363554 1196 693 275 5
657242 1935 1616 342 15
433780 1616 1196 357 7
136402 253 25 21 8
267223 693 626 124 6
146321 626 253 127 2
52069.6 25 0 0 4
1.59479e+06 6397 6248 425 14
0 0 -1 0 -1
2.43651e+06 9628 9445 272 11
2.72831e+06 10585 10405 236 8
1.46114e+06 5226 4607 555 6
1.99221e+06 7604 7426 180 17
1.4858e+06 6341 6248 427 8
1.55325e+06 6381 6341 383 6
1.73392e+06 7388 6659 626 3
1.72904e+06 6659 6381 385 18
1.77191e+06 7426 7388 289 18
2.2066e+06 8654 8535 315 17
1.22716e+06 4607 4505 452 6
2.24892e+06 9445 8654 682 16
1.07499e+06 4505 3957 507 14
2.47649e+06 10405 9628 700 13
2.96279e+06 12665 12581 77 8
2.01998e+06 8535 7604 693 11
2.88818e+06 11603 10585 780 3
