1.8491e+06 0 31
2.96149e+06 12581 12451 158 10
2.94416e+06 12451 12321 253 16
2.91583e+06 12321 11603 793 4
1.22574e+06 4622 4505 460 19
1.05393e+06 3957 2791 484 6
1.48674e+06 6248 5226 696 15
929151 2791 1935 569 2
364555 1196 693 275 5
658281 1935 1616 342 15
434914 1616 1196 357 7
136935 253 25 21 8
267931 693 626 124 6
147032 626 253 127 2
52576 25 0 0 4
1.59597e+06 6397 6248 425 14
0 0 -1 0 -1
2.4375e+06 9628 9445 272 11
2.72919e+06 10585 10405 236 8
1.46253e+06 5226 4607 555 6
1.99299e+06 7604 7426 180 17
1.48698e+06 6341 6248 427 8
1.55438e+06 6381 6341 383 6
1.73544e+06 7388 6659 626 3
1.73016e+06 6659 6381 385 18
1.77289e+06 7426 7388 289 18
2.20763e+06 8654 8535 315 17
1.22838e+06 4607 4505 452 6
2.2505e+06 9445 8654 682 16
1.07629e+06 4505 3957 507 14
2.47487e+06 10405 9628 700 13
2.96345e+06 12665 12581 77 8
2.02159e+06 8535 7604 693 11
2.88994e+06 11603 10585 780 3
