873683 0 210
5.92048e+06 29526 29453 26 9
5.85995e+06 29453 29341 81 7
5.85505e+06 29341 29246 88 1
5.76651e+06 28723 28340 338 26
5.57563e+06 27939 27750 134 14
5.55671e+06 27750 27708 53 28
5.51732e+06 27708 27536 115 28
5.5045e+06 27536 27489 26 26
5.47106e+06 27489 27450 18 6
5.46282e+06 27369 27329 20 28
5.30826e+06 26395 26294 99 25
5.30749e+06 26416 26294 99 15
5.27554e+06 26294 26233 21 26
5.33588e+06 26578 26395 127 28
5.24858e+06 26064 25965 62 24
5.21424e+06 25965 25874 79 25
5.20081e+06 25874 25824 10 26
5.17524e+06 25768 25477 250 14
5.10374e+06 25281 25208 64 20
5.06816e+06 25208 25153 9 20
5.33723e+06 26695 26578 87 25
5.04706e+06 25153 25100 23 5
5.03834e+06 24995 24894 67 25
4.96474e+06 24652 24592 26 12
4.94589e+06 24553 24488 41 25
4.94098e+06 24488 24392 58 9
4.93546e+06 24392 24233 140 19
4.9243e+06 24233 23807 353 10
4.89418e+06 23807 23759 36 20
4.72186e+06 23306 23098 165 3
4.70199e+06 23098 23029 45 2
5.58227e+06 28128 28083 22 19
4.79426e+06 23759 23607 114 10
4.64501e+06 22988 22963 9 5
4.64196e+06 22890 22813 42 8
4.62154e+06 22665 22350 270 24
4.59331e+06 22350 22174 174 28
5.45262e+06 27255 27074 129 25
4.4429e+06 21858 21789 51 7
4.43387e+06 21789 21723 77 4
4.42345e+06 21723 20951 706 18
4.41304e+06 20951 20858 70 27
4.2277e+06 20858 20520 281 13
4.21215e+06 20520 20116 387 2
5.70021e+06 28340 28159 150 15
5.57962e+06 28083 27939 88 8
4.13871e+06 20116 19808 259 22
5.25157e+06 26233 26064 144 2
4.7603e+06 23406 23306 90 3
4.0371e+06 19808 19754 19 16
3.96873e+06 19722 19577 112 23
3.965e+06 19577 19519 15 20
3.93226e+06 19519 19280 195 3
3.86509e+06 19126 19072 53 7
3.85587e+06 19072 18961 75 26
3.82478e+06 18908 18861 31 1
3.82093e+06 18861 18744 105 23
3.81493e+06 18744 18561 137 26
3.79492e+06 18561 18310 239 11
3.75608e+06 18310 18092 188 21
1.57021e+06 7890 7765 74 29
4.65819e+06 23029 22988 17 9
2.08401e+06 9922 9680 202 8
2.65404e+06 12970 12929 10 6
1.53174e+06 7471 7406 55 7
2.34447e+06 11281 11080 200 2
5.77406e+06 28994 28723 260 13
5.40834e+06 26938 26720 204 18
1.49598e+06 7406 7121 221 10
1.6624e+06 8295 8146 115 5
3.50935e+06 17185 17020 93 9
4.78571e+06 23607 23406 154 25
1.61951e+06 7930 7877 9 20
790489 3739 3676 93 22
2.61716e+06 12714 12607 74 26
1.17028e+06 5910 5852 32 4
4.64336e+06 22963 22890 41 29
1.14952e+06 5744 5550 157 19
989811 4855 4776 38 15
5.44179e+06 27074 26938 118 1
1.09233e+06 5486 5299 163 1
2.56098e+06 12337 12216 80 8
1.13106e+06 5550 5486 52 21
946459 4632 4591 34 8
970392 4776 4687 59 7
964648 4687 4632 35 3
1.3338e+06 6117 5983 87 29
1.53789e+06 7659 7471 127 8
1.74541e+06 8675 8529 100 10
1.08077e+06 5299 5169 84 10
5.01546e+06 24894 24820 30 6
3.97204e+06 19754 19722 14 4
938888 4591 4429 127 25
306889 1389 1254 95 4
1.56885e+06 7765 7692 33 7
78702.6 55 0 0 24
1.6519e+06 8146 7930 184 10
1.01731e+06 5062 5007 34 23
262287 1207 1140 147 21
2.45068e+06 11875 11762 92 5
258384 1140 719 206 0
3.34136e+06 16380 16300 85 16
5.83497e+06 29246 29056 163 10
5.76712e+06 28732 28340 340 14
246330 719 665 93 25
1.40937e+06 6664 6117 500 29
1.5471e+06 7692 7659 42 18
144011 665 598 102 17
2.89251e+06 14000 13463 462 5
121528 396 55 14 13
3.0234e+06 14747 14574 146 9
4.48128e+06 22071 21941 121 16
288653 1254 1207 94 6
937869 4429 4369 31 27
5.17687e+06 25824 25768 51 9
1.00405e+06 5007 4960 30 28
1.99772e+06 9670 9483 154 14
396968 1703 1482 145 18
1.15656e+06 5852 5744 105 3
535826 2254 1992 169 25
4.95393e+06 24592 24553 37 3
893456 4032 3848 140 10
996574 4960 4855 72 22
3.84611e+06 18961 18908 10 19
758843 3541 3486 90 27
3.60398e+06 17638 17554 58 12
897701 4369 4320 61 16
0 0 -1 0 -1
4.98829e+06 24728 24652 56 10
3.6142e+06 17789 17638 128 25
601183 2755 2603 107 11
1.86832e+06 9231 9179 50 8
1.56966e+06 7877 7765 80 4
539420 2567 2254 223 9
4.99706e+06 24820 24728 84 20
1.41712e+06 7087 7026 68 9
2.6404e+06 12929 12843 94 2
3.13091e+06 15366 15178 145 9
2.74219e+06 13310 13134 134 4
3.3162e+06 15960 15782 162 17
574605 2603 2567 62 23
136992 598 396 68 2
5.38154e+06 26720 26695 16 3
732159 3076 2936 101 24
5.04346e+06 25100 24995 65 3
3.05727e+06 14820 14747 57 7
1.9969e+06 9680 9483 153 8
765474 3676 3541 128 0
3.57414e+06 17554 17305 199 18
5.45817e+06 27329 27255 43 2
1.41444e+06 7026 6664 331 7
733315 3486 3076 328 17
3.13336e+06 15424 15366 52 3
1.9291e+06 9483 9404 74 20
3.64742e+06 17964 17879 63 15
2.63944e+06 12843 12714 74 9
819964 3848 3739 83 1
5.46708e+06 27450 27369 25 13
3.97002e+06 19740 19577 105 27
895737 4320 4032 246 10
1.69507e+06 8393 8295 60 26
1.71957e+06 8529 8393 124 3
3.49705e+06 17020 16992 21 1
1.82961e+06 8796 8675 82 24
3.56189e+06 17305 17278 9 6
1.8324e+06 9179 8796 352 19
1.88913e+06 9404 9231 119 22
3.51374e+06 17278 17253 25 23
2.18325e+06 10291 9922 305 7
3.87409e+06 19211 19126 46 25
2.66688e+06 13043 12970 51 16
468306 1992 1904 92 8
2.26622e+06 10730 10291 356 27
1.03896e+06 5169 5062 70 25
2.31458e+06 11080 10730 358 26
4.468e+06 21941 21858 36 10
2.36966e+06 11404 11281 91 3
3.46379e+06 16992 16777 192 26
5.98475e+06 29768 29526 231 9
2.37151e+06 11521 11404 97 7
3.06885e+06 15009 14820 132 22
4.63144e+06 22813 22665 117 14
355178 1482 1389 68 8
2.44059e+06 11762 11580 142 7
2.50568e+06 11939 11875 41 10
2.86776e+06 13463 13306 140 7
2.52901e+06 12216 11939 254 20
2.57009e+06 12511 12337 132 8
5.81904e+06 29056 28994 23 24
2.41747e+06 11580 11521 25 20
3.1215e+06 15178 15088 70 16
2.59323e+06 12607 12511 52 22
415235 1904 1703 125 8
3.23923e+06 15782 15467 262 6
2.70612e+06 13134 13043 52 28
2.74155e+06 13306 13134 134 3
2.89721e+06 14110 14000 102 18
4.52562e+06 22174 22071 49 14
1.19943e+06 5983 5910 40 16
3.45735e+06 16777 16453 268 20
2.95547e+06 14170 14110 39 3
2.97576e+06 14521 14426 73 22
1.48688e+06 7121 7087 18 7
3.08677e+06 15088 15009 74 26
3.00867e+06 14574 14521 21 25
3.20507e+06 15467 15424 8 8
632063 2936 2755 106 20
3.32965e+06 16300 15960 281 26
3.9283e+06 19280 19211 39 5
2.18363e+06 10285 9922 305 4
3.40663e+06 16453 16380 45 4
5.16373e+06 25477 25281 144 3
2.97e+06 14426 14170 209 26
3.51329e+06 17253 17185 39 7
5.62151e+06 28159 28128 16 16
3.62689e+06 17879 17789 59 9
3.69672e+06 18092 17964 109 25
