0 -1
55 24
396 13
598 2
665 17
719 25
1140 0
1207 21
1254 6
1389 4
1482 8
1703 18
1904 8
1992 8
2254 25
2567 9
2603 23
2755 11
2936 20
3076 24
3486 17
3541 27
3676 0
3739 22
3848 1
4032 10
4320 10
4369 16
4429 27
4591 25
4632 8
4687 3
4776 7
4855 15
4960 22
5007 28
5062 23
5169 25
5299 10
5486 1
5550 21
5744 19
5852 3
5910 4
5983 16
6117 29
6664 29
7026 7
7087 9
7121 7
7406 10
7471 7
7659 8
7692 18
7765 7
7877 4
7930 20
8146 10
8295 5
8393 26
8529 3
8675 10
8796 24
9179 19
9231 8
9404 22
9483 20
9680 8
9922 8
10291 7
10730 27
11080 26
11281 2
11404 3
11521 7
11580 20
11762 7
11875 5
11939 10
12216 20
12337 8
12511 8
12607 22
12714 26
12843 9
12929 2
12970 6
13043 16
13134 28
13306 3
13463 7
14000 5
14110 18
14170 3
14426 26
14521 22
14574 25
14747 9
14820 7
15009 22
15088 26
15178 16
15366 9
15424 3
15467 8
15782 6
15960 17
16300 26
16380 16
16453 4
16777 20
16992 26
17020 1
17185 9
17253 7
17278 23
17305 6
17554 18
17638 12
17789 25
17879 9
17964 15
18092 25
18310 21
18561 11
18744 26
18861 23
18908 1
18961 19
19072 26
19126 7
19211 25
19280 5
19519 3
19577 20
19722 23
19754 4
19808 16
20116 22
20520 2
20858 13
20951 27
21723 18
21789 4
21858 7
21941 10
22071 16
22174 14
22350 28
22665 24
22813 14
22890 8
22963 29
22988 5
23029 9
23098 2
23306 3
23406 3
23607 25
23759 10
23807 20
24233 10
24392 19
24488 9
24553 25
24592 3
24652 12
24728 10
24820 20
24894 6
24995 25
25100 3
25153 5
25208 20
25281 20
25477 3
25768 14
25824 9
25874 26
25965 25
26064 24
26233 2
26294 26
26395 25
26578 28
26695 25
26720 3
26938 18
27074 1
27255 25
27329 2
27369 28
27450 13
27489 6
27536 26
27708 28
27750 28
27939 14
28083 8
28128 19
28159 16
28340 15
28723 26
28994 13
29056 24
29246 10
29341 1
29453 7
29526 9
29768 9
