1.83354e+06 0 31
2.96043e+06 12581 12451 158 10
2.94187e+06 12451 12321 253 16
2.91562e+06 12321 11603 793 4
1.22878e+06 4622 4505 460 19
1.0528e+06 3957 2791 484 6
1.4856e+06 6248 5226 696 15
927797 2791 1935 569 2
363423 1196 693 275 5
657201 1935 1616 342 15
433569 1616 1196 357 7
135924 253 25 21 8
266871 693 626 124 6
145818 626 253 127 2
52352.8 25 0 0 4
1.59487e+06 6397 6248 425 14
0 0 -1 0 -1
2.43795e+06 9628 9445 272 11
2.72814e+06 10585 10405 236 8
1.46142e+06 5226 4607 555 6
1.99278e+06 7604 7426 180 17
1.48589e+06 6341 6248 427 8
1.55328e+06 6381 6341 383 6
1.73191e+06 7388 6659 626 3
1.72886e+06 6659 6381 385 18
1.77163e+06 7426 7388 289 18
2.20741e+06 8654 8535 315 17
1.22735e+06 4607 4505 452 6
2.24675e+06 9445 8654 682 16
1.07524e+06 4505 3957 507 14
2.47867e+06 10405 9628 700 13
2.96242e+06 12665 12581 77 8
2.02214e+06 8535 7604 693 11
2.88589e+06 11603 10585 780 3
