1.77759e+06 1 31
2.96055e+06 12581 12451 158 10
2.94308e+06 12451 12321 253 16
2.91388e+06 12321 11603 793 4
1.22752e+06 4622 4505 460 19
1.05246e+06 3957 2791 484 6
1.48495e+06 6248 5226 696 15
927562 2791 1935 569 2
363370 1196 693 275 5
657061 1935 1616 342 15
433594 1616 1196 357 7
136219 253 25 21 8
267041 693 626 124 6
146142 626 253 127 2
51885.1 25 0 0 4
1.59461e+06 6397 6248 425 14
0 0 -1 0 -1
2.43702e+06 9628 9445 272 11
2.72813e+06 10585 10405 236 8
1.46096e+06 5226 4607 555 6
1.99172e+06 7604 7426 180 17
1.48562e+06 6341 6248 427 8
1.55307e+06 6381 6341 383 6
1.73374e+06 7388 6659 626 3
1.72886e+06 6659 6381 385 18
1.77173e+06 7426 7388 289 18
2.20609e+06 8654 8535 315 17
1.22697e+06 4607 4505 452 6
2.24873e+06 9445 8654 682 16
1.07481e+06 4505 3957 507 14
2.47707e+06 10405 9628 700 13
2.9626e+06 12665 12581 77 8
2.02056e+06 8535 7604 693 11
2.888e+06 11603 10585 780 3
