926065 1 210
5.92011e+06 29526 29453 26 9
5.85945e+06 29453 29341 81 7
5.85461e+06 29341 29246 88 1
5.76557e+06 28723 28340 338 26
5.5751e+06 27939 27750 134 14
5.55632e+06 27750 27708 53 28
5.51683e+06 27708 27536 115 28
5.50411e+06 27536 27489 26 26
5.47073e+06 27489 27450 18 6
5.46249e+06 27369 27329 20 28
5.30809e+06 26416 26294 99 15
5.3078e+06 26395 26294 99 25
5.27519e+06 26294 26233 21 26
5.33538e+06 26578 26395 127 28
5.24819e+06 26064 25965 62 24
5.21379e+06 25965 25874 79 25
5.20049e+06 25874 25824 10 26
5.17455e+06 25768 25477 250 14
5.10333e+06 25281 25208 64 20
5.06779e+06 25208 25153 9 20
5.3368e+06 26695 26578 87 25
5.04671e+06 25153 25100 23 5
5.03792e+06 24995 24894 67 25
4.96437e+06 24652 24592 26 12
4.94552e+06 24553 24488 41 25
4.94056e+06 24488 24392 58 9
4.93495e+06 24392 24233 140 19
4.92346e+06 24233 23807 353 10
4.89382e+06 23807 23759 36 20
4.72129e+06 23306 23098 165 3
4.7016e+06 23098 23029 45 2
5.58193e+06 28128 28083 22 19
4.79379e+06 23759 23607 114 10
4.64462e+06 22988 22963 9 5
4.64159e+06 22890 22813 42 8
4.62082e+06 22665 22350 270 24
4.59272e+06 22350 22174 174 28
5.45211e+06 27255 27074 129 25
4.44246e+06 21858 21789 51 7
4.43342e+06 21789 21723 77 4
4.42191e+06 21723 20951 706 18
4.41256e+06 20951 20858 70 27
4.22695e+06 20858 20520 281 13
4.21126e+06 20520 20116 387 2
5.70082e+06 28340 28159 150 15
5.57918e+06 28083 27939 88 8
4.13799e+06 20116 19808 259 22
5.25104e+06 26233 26064 144 2
4.75985e+06 23406 23306 90 3
4.03676e+06 19808 19754 19 16
3.96824e+06 19722 19577 112 23
3.96464e+06 19577 19519 15 20
3.93166e+06 19519 19280 195 3
3.86461e+06 19126 19072 53 7
3.85537e+06 19072 18961 75 26
3.82443e+06 18908 18861 31 1
3.82043e+06 18861 18744 105 23
3.81434e+06 18744 18561 137 26
3.79416e+06 18561 18310 239 11
3.75538e+06 18310 18092 188 21
1.56978e+06 7890 7765 74 29
4.65786e+06 23029 22988 17 9
2.08339e+06 9922 9680 202 8
2.65371e+06 12970 12929 10 6
1.53129e+06 7471 7406 55 7
2.34386e+06 11281 11080 200 2
5.77336e+06 28994 28723 260 13
5.4076e+06 26938 26720 204 18
1.49527e+06 7406 7121 221 10
1.66192e+06 8295 8146 115 5
3.50888e+06 17185 17020 93 9
4.78515e+06 23607 23406 154 25
1.61915e+06 7930 7877 9 20
790046 3739 3676 93 22
2.61666e+06 12714 12607 74 26
1.16993e+06 5910 5852 32 4
4.64299e+06 22963 22890 41 29
1.14897e+06 5744 5550 157 19
990231 4855 4776 38 15
5.44128e+06 27074 26938 118 1
1.09178e+06 5486 5299 163 1
2.56047e+06 12337 12216 80 8
1.1306e+06 5550 5486 52 21
946101 4632 4591 34 8
969930 4776 4687 59 7
964281 4687 4632 35 3
1.33334e+06 6117 5983 87 29
1.5374e+06 7659 7471 127 8
1.74491e+06 8675 8529 100 10
1.08033e+06 5299 5169 84 10
5.01511e+06 24894 24820 30 6
3.97172e+06 19754 19722 14 4
938395 4591 4429 127 25
306427 1389 1254 95 4
1.56843e+06 7765 7692 33 7
78349.2 55 0 0 24
1.65132e+06 8146 7930 184 10
1.01694e+06 5062 5007 34 23
261661 1207 1140 147 21
2.45023e+06 11875 11762 92 5
257765 1140 719 206 0
3.34091e+06 16380 16300 85 16
5.83441e+06 29246 29056 163 10
5.7663e+06 28732 28340 340 14
245834 719 665 93 25
1.40828e+06 6664 6117 500 29
1.54657e+06 7692 7659 42 18
143405 665 598 102 17
2.89148e+06 14000 13463 462 5
121202 396 55 14 13
3.02287e+06 14747 14574 146 9
4.48077e+06 22071 21941 121 16
288197 1254 1207 94 6
937386 4429 4369 31 27
5.17646e+06 25824 25768 51 9
1.00365e+06 5007 4960 30 28
1.99717e+06 9670 9483 154 14
396365 1703 1482 145 18
1.15607e+06 5852 5744 105 3
535269 2254 1992 169 25
4.95355e+06 24592 24553 37 3
892927 4032 3848 140 10
996149 4960 4855 72 22
3.84579e+06 18961 18908 10 19
758408 3541 3486 90 27
3.60352e+06 17638 17554 58 12
897305 4369 4320 61 16
0 0 -1 0 -1
4.9879e+06 24728 24652 56 10
3.61371e+06 17789 17638 128 25
600625 2755 2603 107 11
1.86794e+06 9231 9179 50 8
1.5692e+06 7877 7765 80 4
538779 2567 2254 223 9
4.99663e+06 24820 24728 84 20
1.41666e+06 7087 7026 68 9
2.63993e+06 12929 12843 94 2
3.13039e+06 15366 15178 145 9
2.74169e+06 13310 13134 134 4
3.31557e+06 15960 15782 162 17
574186 2603 2567 62 23
136571 598 396 68 2
5.3812e+06 26720 26695 16 3
731669 3076 2936 101 24
5.04299e+06 25100 24995 65 3
3.05682e+06 14820 14747 57 7
1.99631e+06 9680 9483 153 8
764979 3676 3541 128 0
3.57339e+06 17554 17305 199 18
5.4578e+06 27329 27255 43 2
1.4135e+06 7026 6664 331 7
732383 3486 3076 328 17
3.13295e+06 15424 15366 52 3
1.92868e+06 9483 9404 74 20
3.64788e+06 17964 17879 63 15
2.63902e+06 12843 12714 74 9
819476 3848 3739 83 1
5.46674e+06 27450 27369 25 13
3.96952e+06 19740 19577 105 27
895063 4320 4032 246 10
1.69461e+06 8393 8295 60 26
1.71907e+06 8529 8393 124 3
3.49671e+06 17020 16992 21 1
1.82915e+06 8796 8675 82 24
3.56156e+06 17305 17278 9 6
1.83155e+06 9179 8796 352 19
1.8886e+06 9404 9231 119 22
3.5134e+06 17278 17253 25 23
2.18233e+06 10291 9922 305 7
3.8737e+06 19211 19126 46 25
2.6665e+06 13043 12970 51 16
467839 1992 1904 92 8
2.26536e+06 10730 10291 356 27
1.03856e+06 5169 5062 70 25
2.3136e+06 11080 10730 358 26
4.46764e+06 21941 21858 36 10
2.36921e+06 11404 11281 91 3
3.46311e+06 16992 16777 192 26
5.9841e+06 29768 29526 231 9
2.37097e+06 11521 11404 97 7
3.06832e+06 15009 14820 132 22
4.63096e+06 22813 22665 117 14
354709 1482 1389 68 8
2.43997e+06 11762 11580 142 7
2.50526e+06 11939 11875 41 10
2.86713e+06 13463 13306 140 7
2.52832e+06 12216 11939 254 20
2.56957e+06 12511 12337 132 8
5.8187e+06 29056 28994 23 24
2.41712e+06 11580 11521 25 20
3.12107e+06 15178 15088 70 16
2.59282e+06 12607 12511 52 22
414731 1904 1703 125 8
3.23851e+06 15782 15467 262 6
2.70573e+06 13134 13043 52 28
2.74104e+06 13306 13134 134 3
2.89668e+06 14110 14000 102 18
4.52525e+06 22174 22071 49 14
1.19903e+06 5983 5910 40 16
3.45662e+06 16777 16453 268 20
2.95509e+06 14170 14110 39 3
2.97534e+06 14521 14426 73 22
1.48645e+06 7121 7087 18 7
3.08626e+06 15088 15009 74 26
3.00833e+06 14574 14521 21 25
3.20473e+06 15467 15424 8 8
631525 2936 2755 106 20
3.32877e+06 16300 15960 281 26
3.92789e+06 19280 19211 39 5
2.18282e+06 10285 9922 305 4
3.40624e+06 16453 16380 45 4
5.16319e+06 25477 25281 144 3
2.9693e+06 14426 14170 209 26
3.51285e+06 17253 17185 39 7
5.62115e+06 28159 28128 16 16
3.62648e+06 17879 17789 59 9
3.69624e+06 18092 17964 109 25
