1.02145e+06 0 210
5.92005e+06 29526 29453 26 9
5.8601e+06 29453 29341 81 7
5.85522e+06 29341 29246 88 1
5.76665e+06 28723 28340 338 26
5.57527e+06 27939 27750 134 14
5.55622e+06 27750 27708 53 28
5.51696e+06 27708 27536 115 28
5.50465e+06 27536 27489 26 26
5.47121e+06 27489 27450 18 6
5.46229e+06 27369 27329 20 28
5.3087e+06 26416 26294 99 15
5.3084e+06 26395 26294 99 25
5.27568e+06 26294 26233 21 26
5.33552e+06 26578 26395 127 28
5.24758e+06 26064 25965 62 24
5.21437e+06 25965 25874 79 25
5.20097e+06 25874 25824 10 26
5.17507e+06 25768 25477 250 14
5.10288e+06 25281 25208 64 20
5.06736e+06 25208 25153 9 20
5.3374e+06 26695 26578 87 25
5.04722e+06 25153 25100 23 5
5.03847e+06 24995 24894 67 25
4.96496e+06 24652 24592 26 12
4.94605e+06 24553 24488 41 25
4.94058e+06 24488 24392 58 9
4.93416e+06 24392 24233 140 19
4.92296e+06 24233 23807 353 10
4.89336e+06 23807 23759 36 20
4.72202e+06 23306 23098 165 3
4.7015e+06 23098 23029 45 2
5.58137e+06 28128 28083 22 19
4.79344e+06 23759 23607 114 10
4.64512e+06 22988 22963 9 5
4.64215e+06 22890 22813 42 8
4.61985e+06 22665 22350 270 24
4.59304e+06 22350 22174 174 28
5.45278e+06 27255 27074 129 25
4.44307e+06 21858 21789 51 7
4.43384e+06 21789 21723 77 4
4.42362e+06 21723 20951 706 18
4.41195e+06 20951 20858 70 27
4.22784e+06 20858 20520 281 13
4.21221e+06 20520 20116 387 2
5.70151e+06 28340 28159 150 15
5.57978e+06 28083 27939 88 8
4.13704e+06 20116 19808 259 22
5.25129e+06 26233 26064 144 2
4.76046e+06 23406 23306 90 3
4.03727e+06 19808 19754 19 16
3.96887e+06 19722 19577 112 23
3.96411e+06 19577 19519 15 20
3.93241e+06 19519 19280 195 3
3.86521e+06 19126 19072 53 7
3.85602e+06 19072 18961 75 26
3.82492e+06 18908 18861 31 1
3.82107e+06 18861 18744 105 23
3.81513e+06 18744 18561 137 26
3.79514e+06 18561 18310 239 11
3.75621e+06 18310 18092 188 21
1.57038e+06 7890 7765 74 29
4.65777e+06 23029 22988 17 9
2.08415e+06 9922 9680 202 8
2.65418e+06 12970 12929 10 6
1.53189e+06 7471 7406 55 7
2.34423e+06 11281 11080 200 2
5.7742e+06 28994 28723 260 13
5.40846e+06 26938 26720 204 18
1.49489e+06 7406 7121 221 10
1.66259e+06 8295 8146 115 5
3.50904e+06 17185 17020 93 9
4.78584e+06 23607 23406 154 25
1.61868e+06 7930 7877 9 20
789292 3739 3676 93 22
2.6173e+06 12714 12607 74 26
1.17016e+06 5910 5852 32 4
4.64352e+06 22963 22890 41 29
1.1482e+06 5744 5550 157 19
990742 4855 4776 38 15
5.44192e+06 27074 26938 118 1
1.09248e+06 5486 5299 163 1
2.56105e+06 12337 12216 80 8
1.13123e+06 5550 5486 52 21
946666 4632 4591 34 8
970548 4776 4687 59 7
964820 4687 4632 35 3
1.33397e+06 6117 5983 87 29
1.53805e+06 7659 7471 127 8
1.74458e+06 8675 8529 100 10
1.07996e+06 5299 5169 84 10
5.0156e+06 24894 24820 30 6
3.97195e+06 19754 19722 14 4
939048 4591 4429 127 25
306935 1389 1254 95 4
1.56901e+06 7765 7692 33 7
77868.2 55 0 0 24
1.65094e+06 8146 7930 184 10
1.01733e+06 5062 5007 34 23
262446 1207 1140 147 21
2.45083e+06 11875 11762 92 5
258534 1140 719 206 0
3.3415e+06 16380 16300 85 16
5.83402e+06 29246 29056 163 10
5.76717e+06 28732 28340 340 14
246453 719 665 93 25
1.40949e+06 6664 6117 500 29
1.54721e+06 7692 7659 42 18
143812 665 598 102 17
2.89263e+06 14000 13463 462 5
121687 396 55 14 13
3.02312e+06 14747 14574 146 9
4.48141e+06 22071 21941 121 16
288794 1254 1207 94 6
936856 4429 4369 31 27
5.17642e+06 25824 25768 51 9
1.00357e+06 5007 4960 30 28
1.99741e+06 9670 9483 154 14
397140 1703 1482 145 18
1.1567e+06 5852 5744 105 3
535975 2254 1992 169 25
4.95406e+06 24592 24553 37 3
892527 4032 3848 140 10
995492 4960 4855 72 22
3.84526e+06 18961 18908 10 19
757730 3541 3486 90 27
3.60413e+06 17638 17554 58 12
897863 4369 4320 61 16
0 0 -1 0 -1
4.98755e+06 24728 24652 56 10
3.61437e+06 17789 17638 128 25
601358 2755 2603 107 11
1.86847e+06 9231 9179 50 8
1.56962e+06 7877 7765 80 4
539272 2567 2254 223 9
4.99618e+06 24820 24728 84 20
1.41674e+06 7087 7026 68 9
2.64002e+06 12929 12843 94 2
3.13069e+06 15366 15178 145 9
2.7423e+06 13310 13134 134 4
3.31597e+06 15960 15782 162 17
574690 2603 2567 62 23
136534 598 396 68 2
5.3817e+06 26720 26695 16 3
730990 3076 2936 101 24
5.04354e+06 25100 24995 65 3
3.05742e+06 14820 14747 57 7
1.99699e+06 9680 9483 153 8
765627 3676 3541 128 0
3.57428e+06 17554 17305 199 18
5.4577e+06 27329 27255 43 2
1.41457e+06 7026 6664 331 7
732997 3486 3076 328 17
3.1335e+06 15424 15366 52 3
1.92822e+06 9483 9404 74 20
3.64843e+06 17964 17879 63 15
2.6392e+06 12843 12714 74 9
820076 3848 3739 83 1
5.46726e+06 27450 27369 25 13
3.96883e+06 19740 19577 105 27
894656 4320 4032 246 10
1.69523e+06 8393 8295 60 26
1.71971e+06 8529 8393 124 3
3.4972e+06 17020 16992 21 1
1.82853e+06 8796 8675 82 24
3.56205e+06 17305 17278 9 6
1.83042e+06 9179 8796 352 19
1.88789e+06 9404 9231 119 22
3.51375e+06 17278 17253 25 23
2.18338e+06 10291 9922 305 7
3.87423e+06 19211 19126 46 25
2.66703e+06 13043 12970 51 16
468447 1992 1904 92 8
2.26425e+06 10730 10291 356 27
1.03911e+06 5169 5062 70 25
2.31471e+06 11080 10730 358 26
4.46728e+06 21941 21858 36 10
2.36982e+06 11404 11281 91 3
3.46395e+06 16992 16777 192 26
5.98477e+06 29768 29526 231 9
2.37164e+06 11521 11404 97 7
3.06758e+06 15009 14820 132 22
4.631e+06 22813 22665 117 14
355289 1482 1389 68 8
2.44076e+06 11762 11580 142 7
2.50486e+06 11939 11875 41 10
2.86788e+06 13463 13306 140 7
2.52788e+06 12216 11939 254 20
2.57024e+06 12511 12337 132 8
5.81813e+06 29056 28994 23 24
2.41666e+06 11580 11521 25 20
3.12164e+06 15178 15088 70 16
2.59222e+06 12607 12511 52 22
415383 1904 1703 125 8
3.23936e+06 15782 15467 262 6
2.70566e+06 13134 13043 52 28
2.74169e+06 13306 13134 134 3
2.89736e+06 14110 14000 102 18
4.52513e+06 22174 22071 49 14
1.19957e+06 5983 5910 40 16
3.45605e+06 16777 16453 268 20
2.95561e+06 14170 14110 39 3
2.97471e+06 14521 14426 73 22
1.487e+06 7121 7087 18 7
3.08692e+06 15088 15009 74 26
3.00882e+06 14574 14521 21 25
3.20515e+06 15467 15424 8 8
630940 2936 2755 106 20
3.32977e+06 16300 15960 281 26
3.9284e+06 19280 19211 39 5
2.18375e+06 10285 9922 305 4
3.40652e+06 16453 16380 45 4
5.16388e+06 25477 25281 144 3
2.97016e+06 14426 14170 209 26
3.51343e+06 17253 17185 39 7
5.62164e+06 28159 28128 16 16
3.62653e+06 17879 17789 59 9
3.69688e+06 18092 17964 109 25
