1.45981e+06 1 31
2.95994e+06 12581 12451 158 10
2.94253e+06 12451 12321 253 16
2.91424e+06 12321 11603 793 4
1.22784e+06 4622 4505 460 19
1.05177e+06 3957 2791 484 6
1.48421e+06 6248 5226 696 15
926853 2791 1935 569 2
362735 1196 693 275 5
656408 1935 1616 342 15
432936 1616 1196 357 7
135644 253 25 21 8
266438 693 626 124 6
145539 626 253 127 2
52172.9 25 0 0 4
1.59394e+06 6397 6248 425 14
0 0 -1 0 -1
2.43734e+06 9628 9445 272 11
2.7275e+06 10585 10405 236 8
1.46025e+06 5226 4607 555 6
1.99233e+06 7604 7426 180 17
1.48494e+06 6341 6248 427 8
1.55241e+06 6381 6341 383 6
1.73302e+06 7388 6659 626 3
1.7282e+06 6659 6381 385 18
1.77109e+06 7426 7388 289 18
2.20674e+06 8654 8535 315 17
1.2263e+06 4607 4505 452 6
2.24815e+06 9445 8654 682 16
1.07411e+06 4505 3957 507 14
2.47741e+06 10405 9628 700 13
2.96201e+06 12665 12581 77 8
2.0209e+06 8535 7604 693 11
2.88724e+06 11603 10585 780 3
