919662 0 210
5.91974e+06 29526 29453 26 9
5.85999e+06 29453 29341 81 7
5.85553e+06 29341 29246 88 1
5.76739e+06 28723 28340 338 26
5.57462e+06 27939 27750 134 14
5.55584e+06 27750 27708 53 28
5.51635e+06 27708 27536 115 28
5.50461e+06 27536 27489 26 26
5.4711e+06 27489 27450 18 6
5.46201e+06 27369 27329 20 28
5.30904e+06 26416 26294 99 15
5.30835e+06 26395 26294 99 25
5.2756e+06 26294 26233 21 26
5.33487e+06 26578 26395 127 28
5.248e+06 26064 25965 62 24
5.21421e+06 25965 25874 79 25
5.20093e+06 25874 25824 10 26
5.17406e+06 25768 25477 250 14
5.10244e+06 25281 25208 64 20
5.06705e+06 25208 25153 9 20
5.33735e+06 26695 26578 87 25
5.04738e+06 25153 25100 23 5
5.03847e+06 24995 24894 67 25
4.965e+06 24652 24592 26 12
4.946e+06 24553 24488 41 25
4.94014e+06 24488 24392 58 9
4.93483e+06 24392 24233 140 19
4.92306e+06 24233 23807 353 10
4.89303e+06 23807 23759 36 20
4.72242e+06 23306 23098 165 3
4.70113e+06 23098 23029 45 2
5.58168e+06 28128 28083 22 19
4.79352e+06 23759 23607 114 10
4.6452e+06 22988 22963 9 5
4.64198e+06 22890 22813 42 8
4.62094e+06 22665 22350 270 24
4.59224e+06 22350 22174 174 28
5.45274e+06 27255 27074 129 25
4.44284e+06 21858 21789 51 7
4.4339e+06 21789 21723 77 4
4.42495e+06 21723 20951 706 18
4.4124e+06 20951 20858 70 27
4.22797e+06 20858 20520 281 13
4.21075e+06 20520 20116 387 2
5.70199e+06 28340 28159 150 15
5.57962e+06 28083 27939 88 8
4.13714e+06 20116 19808 259 22
5.25055e+06 26233 26064 144 2
4.76066e+06 23406 23306 90 3
4.03745e+06 19808 19754 19 16
3.96889e+06 19722 19577 112 23
3.96385e+06 19577 19519 15 20
3.93292e+06 19519 19280 195 3
3.865e+06 19126 19072 53 7
3.85603e+06 19072 18961 75 26
3.82517e+06 18908 18861 31 1
3.82101e+06 18861 18744 105 23
3.81533e+06 18744 18561 137 26
3.79567e+06 18561 18310 239 11
3.7567e+06 18310 18092 188 21
1.57004e+06 7890 7765 74 29
4.65748e+06 23029 22988 17 9
2.08418e+06 9922 9680 202 8
2.65405e+06 12970 12929 10 6
1.53172e+06 7471 7406 55 7
2.34336e+06 11281 11080 200 2
5.77431e+06 28994 28723 260 13
5.40897e+06 26938 26720 204 18
1.495e+06 7406 7121 221 10
1.66292e+06 8295 8146 115 5
3.5085e+06 17185 17020 93 9
4.78582e+06 23607 23406 154 25
1.61841e+06 7930 7877 9 20
789492 3739 3676 93 22
2.61734e+06 12714 12607 74 26
1.17027e+06 5910 5852 32 4
4.64322e+06 22963 22890 41 29
1.14893e+06 5744 5550 157 19
990961 4855 4776 38 15
5.44228e+06 27074 26938 118 1
1.09297e+06 5486 5299 163 1
2.56091e+06 12337 12216 80 8
1.13147e+06 5550 5486 52 21
946383 4632 4591 34 8
970368 4776 4687 59 7
964847 4687 4632 35 3
1.33356e+06 6117 5983 87 29
1.53798e+06 7659 7471 127 8
1.74468e+06 8675 8529 100 10
1.08008e+06 5299 5169 84 10
5.01557e+06 24894 24820 30 6
3.97213e+06 19754 19722 14 4
939022 4591 4429 127 25
306968 1389 1254 95 4
1.56874e+06 7765 7692 33 7
78073.9 55 0 0 24
1.65104e+06 8146 7930 184 10
1.01729e+06 5062 5007 34 23
262836 1207 1140 147 21
2.45113e+06 11875 11762 92 5
258814 1140 719 206 0
3.34181e+06 16380 16300 85 16
5.83415e+06 29246 29056 163 10
5.76585e+06 28732 28340 340 14
246399 719 665 93 25
1.40917e+06 6664 6117 500 29
1.54739e+06 7692 7659 42 18
143257 665 598 102 17
2.89363e+06 14000 13463 462 5
121795 396 55 14 13
3.02244e+06 14747 14574 146 9
4.4818e+06 22071 21941 121 16
288883 1254 1207 94 6
937137 4429 4369 31 27
5.17603e+06 25824 25768 51 9
1.00318e+06 5007 4960 30 28
1.99666e+06 9670 9483 154 14
397542 1703 1482 145 18
1.15697e+06 5852 5744 105 3
535928 2254 1992 169 25
4.9541e+06 24592 24553 37 3
892637 4032 3848 140 10
995616 4960 4855 72 22
3.84556e+06 18961 18908 10 19
758227 3541 3486 90 27
3.60427e+06 17638 17554 58 12
898136 4369 4320 61 16
0 0 -1 0 -1
4.98767e+06 24728 24652 56 10
3.61432e+06 17789 17638 128 25
601598 2755 2603 107 11
1.86827e+06 9231 9179 50 8
1.56973e+06 7877 7765 80 4
538343 2567 2254 223 9
4.99568e+06 24820 24728 84 20
1.41626e+06 7087 7026 68 9
2.63948e+06 12929 12843 94 2
3.12998e+06 15366 15178 145 9
2.74235e+06 13310 13134 134 4
3.31547e+06 15960 15782 162 17
574597 2603 2567 62 23
136103 598 396 68 2
5.38165e+06 26720 26695 16 3
731485 3076 2936 101 24
5.04373e+06 25100 24995 65 3
3.05724e+06 14820 14747 57 7
1.99695e+06 9680 9483 153 8
765809 3676 3541 128 0
3.57474e+06 17554 17305 199 18
5.45733e+06 27329 27255 43 2
1.41519e+06 7026 6664 331 7
732510 3486 3076 328 17
3.13362e+06 15424 15366 52 3
1.92777e+06 9483 9404 74 20
3.64874e+06 17964 17879 63 15
2.6387e+06 12843 12714 74 9
820359 3848 3739 83 1
5.46736e+06 27450 27369 25 13
3.96937e+06 19740 19577 105 27
894764 4320 4032 246 10
1.69521e+06 8393 8295 60 26
1.72007e+06 8529 8393 124 3
3.4974e+06 17020 16992 21 1
1.82895e+06 8796 8675 82 24
3.56185e+06 17305 17278 9 6
1.83183e+06 9179 8796 352 19
1.88798e+06 9404 9231 119 22
3.51386e+06 17278 17253 25 23
2.18387e+06 10291 9922 305 7
3.87412e+06 19211 19126 46 25
2.6673e+06 13043 12970 51 16
468314 1992 1904 92 8
2.26559e+06 10730 10291 356 27
1.03908e+06 5169 5062 70 25
2.3155e+06 11080 10730 358 26
4.4674e+06 21941 21858 36 10
2.37011e+06 11404 11281 91 3
3.46435e+06 16992 16777 192 26
5.98374e+06 29768 29526 231 9
2.37155e+06 11521 11404 97 7
3.06765e+06 15009 14820 132 22
4.63042e+06 22813 22665 117 14
355103 1482 1389 68 8
2.44077e+06 11762 11580 142 7
2.50497e+06 11939 11875 41 10
2.86796e+06 13463 13306 140 7
2.52677e+06 12216 11939 254 20
2.57014e+06 12511 12337 132 8
5.81839e+06 29056 28994 23 24
2.41636e+06 11580 11521 25 20
3.12193e+06 15178 15088 70 16
2.59231e+06 12607 12511 52 22
415321 1904 1703 125 8
3.23998e+06 15782 15467 262 6
2.70525e+06 13134 13043 52 28
2.7421e+06 13306 13134 134 3
2.8977e+06 14110 14000 102 18
4.52475e+06 22174 22071 49 14
1.19979e+06 5983 5910 40 16
3.45497e+06 16777 16453 268 20
2.95569e+06 14170 14110 39 3
2.97482e+06 14521 14426 73 22
1.48672e+06 7121 7087 18 7
3.0869e+06 15088 15009 74 26
3.00879e+06 14574 14521 21 25
3.20498e+06 15467 15424 8 8
630386 2936 2755 106 20
3.33044e+06 16300 15960 281 26
3.92861e+06 19280 19211 39 5
2.18408e+06 10285 9922 305 4
3.40662e+06 16453 16380 45 4
5.16428e+06 25477 25281 144 3
2.97061e+06 14426 14170 209 26
3.5132e+06 17253 17185 39 7
5.6219e+06 28159 28128 16 16
3.62609e+06 17879 17789 59 9
3.69686e+06 18092 17964 109 25
