701537 0 210
5.91979e+06 29526 29453 26 9
5.86013e+06 29453 29341 81 7
5.85569e+06 29341 29246 88 1
5.76755e+06 28723 28340 338 26
5.57475e+06 27939 27750 134 14
5.55532e+06 27750 27708 53 28
5.5156e+06 27708 27536 115 28
5.50477e+06 27536 27489 26 26
5.47126e+06 27489 27450 18 6
5.4616e+06 27369 27329 20 28
5.30919e+06 26416 26294 99 15
5.30848e+06 26395 26294 99 25
5.27576e+06 26294 26233 21 26
5.33406e+06 26578 26395 127 28
5.24815e+06 26064 25965 62 24
5.21435e+06 25965 25874 79 25
5.20112e+06 25874 25824 10 26
5.17421e+06 25768 25477 250 14
5.103e+06 25281 25208 64 20
5.06745e+06 25208 25153 9 20
5.33751e+06 26695 26578 87 25
5.0475e+06 25153 25100 23 5
5.03863e+06 24995 24894 67 25
4.96516e+06 24652 24592 26 12
4.94615e+06 24553 24488 41 25
4.94025e+06 24488 24392 58 9
4.93565e+06 24392 24233 140 19
4.9246e+06 24233 23807 353 10
4.8935e+06 23807 23759 36 20
4.72264e+06 23306 23098 165 3
4.70128e+06 23098 23029 45 2
5.5821e+06 28128 28083 22 19
4.79425e+06 23759 23607 114 10
4.64537e+06 22988 22963 9 5
4.64196e+06 22890 22813 42 8
4.62112e+06 22665 22350 270 24
4.59129e+06 22350 22174 174 28
5.45291e+06 27255 27074 129 25
4.44299e+06 21858 21789 51 7
4.43424e+06 21789 21723 77 4
4.4251e+06 21723 20951 706 18
4.41251e+06 20951 20858 70 27
4.22862e+06 20858 20520 281 13
4.21088e+06 20520 20116 387 2
5.70207e+06 28340 28159 150 15
5.57968e+06 28083 27939 88 8
4.13836e+06 20116 19808 259 22
5.2507e+06 26233 26064 144 2
4.76084e+06 23406 23306 90 3
4.03759e+06 19808 19754 19 16
3.96902e+06 19722 19577 112 23
3.9643e+06 19577 19519 15 20
3.93305e+06 19519 19280 195 3
3.86518e+06 19126 19072 53 7
3.85619e+06 19072 18961 75 26
3.82537e+06 18908 18861 31 1
3.82114e+06 18861 18744 105 23
3.81548e+06 18744 18561 137 26
3.79581e+06 18561 18310 239 11
3.75684e+06 18310 18092 188 21
1.5702e+06 7890 7765 74 29
4.65752e+06 23029 22988 17 9
2.08424e+06 9922 9680 202 8
2.65417e+06 12970 12929 10 6
1.53188e+06 7471 7406 55 7
2.34351e+06 11281 11080 200 2
5.77498e+06 28994 28723 260 13
5.40918e+06 26938 26720 204 18
1.4961e+06 7406 7121 221 10
1.66299e+06 8295 8146 115 5
3.50854e+06 17185 17020 93 9
4.78598e+06 23607 23406 154 25
1.61885e+06 7930 7877 9 20
790197 3739 3676 93 22
2.61749e+06 12714 12607 74 26
1.17064e+06 5910 5852 32 4
4.64339e+06 22963 22890 41 29
1.1498e+06 5744 5550 157 19
991118 4855 4776 38 15
5.44242e+06 27074 26938 118 1
1.09314e+06 5486 5299 163 1
2.56104e+06 12337 12216 80 8
1.13164e+06 5550 5486 52 21
946408 4632 4591 34 8
970584 4776 4687 59 7
964989 4687 4632 35 3
1.33371e+06 6117 5983 87 29
1.53806e+06 7659 7471 127 8
1.74538e+06 8675 8529 100 10
1.0807e+06 5299 5169 84 10
5.01571e+06 24894 24820 30 6
3.97235e+06 19754 19722 14 4
939176 4591 4429 127 25
307379 1389 1254 95 4
1.56887e+06 7765 7692 33 7
78211.4 55 0 0 24
1.65203e+06 8146 7930 184 10
1.01743e+06 5062 5007 34 23
262974 1207 1140 147 21
2.45122e+06 11875 11762 92 5
258979 1140 719 206 0
3.34195e+06 16380 16300 85 16
5.83512e+06 29246 29056 163 10
5.76595e+06 28732 28340 340 14
246565 719 665 93 25
1.40933e+06 6664 6117 500 29
1.54754e+06 7692 7659 42 18
143419 665 598 102 17
2.89362e+06 14000 13463 462 5
122028 396 55 14 13
3.0225e+06 14747 14574 146 9
4.48199e+06 22071 21941 121 16
289059 1254 1207 94 6
937306 4429 4369 31 27
5.17608e+06 25824 25768 51 9
1.00273e+06 5007 4960 30 28
1.99681e+06 9670 9483 154 14
397681 1703 1482 145 18
1.15714e+06 5852 5744 105 3
536048 2254 1992 169 25
4.9543e+06 24592 24553 37 3
893475 4032 3848 140 10
996192 4960 4855 72 22
3.84602e+06 18961 18908 10 19
758419 3541 3486 90 27
3.60439e+06 17638 17554 58 12
898287 4369 4320 61 16
0 0 -1 0 -1
4.98827e+06 24728 24652 56 10
3.61447e+06 17789 17638 128 25
601749 2755 2603 107 11
1.86831e+06 9231 9179 50 8
1.5701e+06 7877 7765 80 4
538380 2567 2254 223 9
4.99633e+06 24820 24728 84 20
1.41631e+06 7087 7026 68 9
2.6396e+06 12929 12843 94 2
3.13003e+06 15366 15178 145 9
2.7427e+06 13310 13134 134 4
3.31564e+06 15960 15782 162 17
574756 2603 2567 62 23
136278 598 396 68 2
5.38181e+06 26720 26695 16 3
731639 3076 2936 101 24
5.04383e+06 25100 24995 65 3
3.05739e+06 14820 14747 57 7
1.997e+06 9680 9483 153 8
765972 3676 3541 128 0
3.57488e+06 17554 17305 199 18
5.45748e+06 27329 27255 43 2
1.41533e+06 7026 6664 331 7
732645 3486 3076 328 17
3.13377e+06 15424 15366 52 3
1.92835e+06 9483 9404 74 20
3.64887e+06 17964 17879 63 15
2.63866e+06 12843 12714 74 9
820568 3848 3739 83 1
5.46758e+06 27450 27369 25 13
3.9695e+06 19740 19577 105 27
895979 4320 4032 246 10
1.69538e+06 8393 8295 60 26
1.72022e+06 8529 8393 124 3
3.49755e+06 17020 16992 21 1
1.8291e+06 8796 8675 82 24
3.56201e+06 17305 17278 9 6
1.83332e+06 9179 8796 352 19
1.88874e+06 9404 9231 119 22
3.51403e+06 17278 17253 25 23
2.18404e+06 10291 9922 305 7
3.87431e+06 19211 19126 46 25
2.66747e+06 13043 12970 51 16
468328 1992 1904 92 8
2.26575e+06 10730 10291 356 27
1.03922e+06 5169 5062 70 25
2.31565e+06 11080 10730 358 26
4.46789e+06 21941 21858 36 10
2.37024e+06 11404 11281 91 3
3.46451e+06 16992 16777 192 26
5.98373e+06 29768 29526 231 9
2.37172e+06 11521 11404 97 7
3.06843e+06 15009 14820 132 22
4.63057e+06 22813 22665 117 14
355138 1482 1389 68 8
2.44093e+06 11762 11580 142 7
2.50549e+06 11939 11875 41 10
2.86812e+06 13463 13306 140 7
2.52794e+06 12216 11939 254 20
2.57018e+06 12511 12337 132 8
5.81855e+06 29056 28994 23 24
2.41679e+06 11580 11521 25 20
3.12211e+06 15178 15088 70 16
2.59284e+06 12607 12511 52 22
415337 1904 1703 125 8
3.24013e+06 15782 15467 262 6
2.70473e+06 13134 13043 52 28
2.74226e+06 13306 13134 134 3
2.89789e+06 14110 14000 102 18
4.52496e+06 22174 22071 49 14
1.19993e+06 5983 5910 40 16
3.45623e+06 16777 16453 268 20
2.9559e+06 14170 14110 39 3
2.97541e+06 14521 14426 73 22
1.48688e+06 7121 7087 18 7
3.08705e+06 15088 15009 74 26
3.00892e+06 14574 14521 21 25
3.20501e+06 15467 15424 8 8
631174 2936 2755 106 20
3.33061e+06 16300 15960 281 26
3.92879e+06 19280 19211 39 5
2.18436e+06 10285 9922 305 4
3.407e+06 16453 16380 45 4
5.16443e+06 25477 25281 144 3
2.97074e+06 14426 14170 209 26
3.51333e+06 17253 17185 39 7
5.62202e+06 28159 28128 16 16
3.62615e+06 17879 17789 59 9
3.69697e+06 18092 17964 109 25
