1.3833e+06 1 31
2.9607e+06 12581 12451 158 10
2.94246e+06 12451 12321 253 16
2.91697e+06 12321 11603 793 4
1.22952e+06 4622 4505 460 19
1.05357e+06 3957 2791 484 6
1.48545e+06 6248 5226 696 15
926743 2791 1935 569 2
363796 1196 693 275 5
657071 1935 1616 342 15
432855 1616 1196 357 7
136066 253 25 21 8
267017 693 626 124 6
145475 626 253 127 2
52362.8 25 0 0 4
1.59556e+06 6397 6248 425 14
0 0 -1 0 -1
2.43842e+06 9628 9445 272 11
2.72848e+06 10585 10405 236 8
1.46224e+06 5226 4607 555 6
1.99313e+06 7604 7426 180 17
1.48653e+06 6341 6248 427 8
1.55389e+06 6381 6341 383 6
1.73077e+06 7388 6659 626 3
1.7281e+06 6659 6381 385 18
1.77103e+06 7426 7388 289 18
2.20794e+06 8654 8535 315 17
1.22797e+06 4607 4505 452 6
2.248e+06 9445 8654 682 16
1.07606e+06 4505 3957 507 14
2.47987e+06 10405 9628 700 13
2.96249e+06 12665 12581 77 8
2.02331e+06 8535 7604 693 11
2.8845e+06 11603 10585 780 3
