798575 0 210
5.92e+06 29526 29453 26 9
5.85949e+06 29453 29341 81 7
5.85502e+06 29341 29246 88 1
5.76651e+06 28723 28340 338 26
5.57543e+06 27939 27750 134 14
5.55654e+06 27750 27708 53 28
5.51714e+06 27708 27536 115 28
5.50435e+06 27536 27489 26 26
5.47073e+06 27489 27450 18 6
5.4626e+06 27369 27329 20 28
5.30853e+06 26416 26294 99 15
5.30825e+06 26395 26294 99 25
5.2754e+06 26294 26233 21 26
5.33568e+06 26578 26395 127 28
5.24822e+06 26064 25965 62 24
5.21422e+06 25965 25874 79 25
5.20064e+06 25874 25824 10 26
5.17503e+06 25768 25477 250 14
5.10339e+06 25281 25208 64 20
5.06772e+06 25208 25153 9 20
5.33722e+06 26695 26578 87 25
5.0466e+06 25153 25100 23 5
5.03832e+06 24995 24894 67 25
4.96459e+06 24652 24592 26 12
4.94587e+06 24553 24488 41 25
4.9405e+06 24488 24392 58 9
4.93538e+06 24392 24233 140 19
4.92245e+06 24233 23807 353 10
4.89382e+06 23807 23759 36 20
4.72184e+06 23306 23098 165 3
4.70179e+06 23098 23029 45 2
5.58207e+06 28128 28083 22 19
4.79325e+06 23759 23607 114 10
4.64451e+06 22988 22963 9 5
4.64149e+06 22890 22813 42 8
4.62116e+06 22665 22350 270 24
4.59309e+06 22350 22174 174 28
5.4526e+06 27255 27074 129 25
4.44242e+06 21858 21789 51 7
4.43294e+06 21789 21723 77 4
4.42348e+06 21723 20951 706 18
4.41261e+06 20951 20858 70 27
4.22743e+06 20858 20520 281 13
4.21197e+06 20520 20116 387 2
5.70135e+06 28340 28159 150 15
5.5792e+06 28083 27939 88 8
4.13787e+06 20116 19808 259 22
5.25137e+06 26233 26064 144 2
4.7602e+06 23406 23306 90 3
4.03708e+06 19808 19754 19 16
3.96793e+06 19722 19577 112 23
3.96456e+06 19577 19519 15 20
3.93225e+06 19519 19280 195 3
3.86458e+06 19126 19072 53 7
3.85571e+06 19072 18961 75 26
3.82476e+06 18908 18861 31 1
3.82013e+06 18861 18744 105 23
3.81491e+06 18744 18561 137 26
3.79493e+06 18561 18310 239 11
3.75605e+06 18310 18092 188 21
1.57018e+06 7890 7765 74 29
4.65773e+06 23029 22988 17 9
2.08352e+06 9922 9680 202 8
2.65365e+06 12970 12929 10 6
1.53134e+06 7471 7406 55 7
2.34427e+06 11281 11080 200 2
5.77383e+06 28994 28723 260 13
5.40831e+06 26938 26720 204 18
1.49454e+06 7406 7121 221 10
1.66192e+06 8295 8146 115 5
3.50886e+06 17185 17020 93 9
4.78567e+06 23607 23406 154 25
1.61911e+06 7930 7877 9 20
789849 3739 3676 93 22
2.617e+06 12714 12607 74 26
1.1695e+06 5910 5852 32 4
4.64333e+06 22963 22890 41 29
1.14949e+06 5744 5550 157 19
990601 4855 4776 38 15
5.44177e+06 27074 26938 118 1
1.09232e+06 5486 5299 163 1
2.56043e+06 12337 12216 80 8
1.13104e+06 5550 5486 52 21
946032 4632 4591 34 8
969933 4776 4687 59 7
964453 4687 4632 35 3
1.33377e+06 6117 5983 87 29
1.53744e+06 7659 7471 127 8
1.7444e+06 8675 8529 100 10
1.07985e+06 5299 5169 84 10
5.01512e+06 24894 24820 30 6
3.97134e+06 19754 19722 14 4
938871 4591 4429 127 25
305922 1389 1254 95 4
1.56838e+06 7765 7692 33 7
78164.2 55 0 0 24
1.65066e+06 8146 7930 184 10
1.01666e+06 5062 5007 34 23
262265 1207 1140 147 21
2.45021e+06 11875 11762 92 5
258196 1140 719 206 0
3.34134e+06 16380 16300 85 16
5.83378e+06 29246 29056 163 10
5.7669e+06 28732 28340 340 14
246269 719 665 93 25
1.40938e+06 6664 6117 500 29
1.54699e+06 7692 7659 42 18
143515 665 598 102 17
2.89199e+06 14000 13463 462 5
121501 396 55 14 13
3.02298e+06 14747 14574 146 9
4.48127e+06 22071 21941 121 16
288528 1254 1207 94 6
937330 4429 4369 31 27
5.17638e+06 25824 25768 51 9
1.00381e+06 5007 4960 30 28
1.9975e+06 9670 9483 154 14
396969 1703 1482 145 18
1.15647e+06 5852 5744 105 3
535811 2254 1992 169 25
4.95377e+06 24592 24553 37 3
892325 4032 3848 140 10
996015 4960 4855 72 22
3.84588e+06 18961 18908 10 19
758516 3541 3486 90 27
3.60382e+06 17638 17554 58 12
897684 4369 4320 61 16
0 0 -1 0 -1
4.98747e+06 24728 24652 56 10
3.6142e+06 17789 17638 128 25
601130 2755 2603 107 11
1.86788e+06 9231 9179 50 8
1.56873e+06 7877 7765 80 4
538994 2567 2254 223 9
4.99674e+06 24820 24728 84 20
1.41661e+06 7087 7026 68 9
2.64017e+06 12929 12843 94 2
3.13044e+06 15366 15178 145 9
2.7411e+06 13310 13134 134 4
3.31577e+06 15960 15782 162 17
573863 2603 2567 62 23
136780 598 396 68 2
5.38131e+06 26720 26695 16 3
731738 3076 2936 101 24
5.04328e+06 25100 24995 65 3
3.05682e+06 14820 14747 57 7
1.99638e+06 9680 9483 153 8
765332 3676 3541 128 0
3.57408e+06 17554 17305 199 18
5.45799e+06 27329 27255 43 2
1.41436e+06 7026 6664 331 7
732749 3486 3076 328 17
3.13319e+06 15424 15366 52 3
1.92872e+06 9483 9404 74 20
3.64827e+06 17964 17879 63 15
2.63898e+06 12843 12714 74 9
819883 3848 3739 83 1
5.46708e+06 27450 27369 25 13
3.9696e+06 19740 19577 105 27
894276 4320 4032 246 10
1.6949e+06 8393 8295 60 26
1.71954e+06 8529 8393 124 3
3.49702e+06 17020 16992 21 1
1.8292e+06 8796 8675 82 24
3.56149e+06 17305 17278 9 6
1.8324e+06 9179 8796 352 19
1.88847e+06 9404 9231 119 22
3.51311e+06 17278 17253 25 23
2.1831e+06 10291 9922 305 7
3.87407e+06 19211 19126 46 25
2.66686e+06 13043 12970 51 16
467820 1992 1904 92 8
2.26583e+06 10730 10291 356 27
1.03897e+06 5169 5062 70 25
2.31457e+06 11080 10730 358 26
4.46723e+06 21941 21858 36 10
2.36955e+06 11404 11281 91 3
3.46378e+06 16992 16777 192 26
5.98428e+06 29768 29526 231 9
2.37106e+06 11521 11404 97 7
3.06825e+06 15009 14820 132 22
4.63123e+06 22813 22665 117 14
354650 1482 1389 68 8
2.44024e+06 11762 11580 142 7
2.50484e+06 11939 11875 41 10
2.86743e+06 13463 13306 140 7
2.52865e+06 12216 11939 254 20
2.56964e+06 12511 12337 132 8
5.81861e+06 29056 28994 23 24
2.41707e+06 11580 11521 25 20
3.12148e+06 15178 15088 70 16
2.59271e+06 12607 12511 52 22
414779 1904 1703 125 8
3.2392e+06 15782 15467 262 6
2.70591e+06 13134 13043 52 28
2.74152e+06 13306 13134 134 3
2.8972e+06 14110 14000 102 18
4.52542e+06 22174 22071 49 14
1.19939e+06 5983 5910 40 16
3.45685e+06 16777 16453 268 20
2.95527e+06 14170 14110 39 3
2.97527e+06 14521 14426 73 22
1.48634e+06 7121 7087 18 7
3.08661e+06 15088 15009 74 26
3.00866e+06 14574 14521 21 25
3.20459e+06 15467 15424 8 8
631526 2936 2755 106 20
3.3296e+06 16300 15960 281 26
3.92779e+06 19280 19211 39 5
2.18194e+06 10285 9922 305 4
3.4058e+06 16453 16380 45 4
5.16372e+06 25477 25281 144 3
2.97002e+06 14426 14170 209 26
3.51279e+06 17253 17185 39 7
5.62145e+06 28159 28128 16 16
3.62644e+06 17879 17789 59 9
3.69669e+06 18092 17964 109 25
