2.73639e+06 1 31
2.96009e+06 12581 12451 158 10
2.94288e+06 12451 12321 253 16
2.91463e+06 12321 11603 793 4
1.22821e+06 4622 4505 460 19
1.05215e+06 3957 2791 484 6
1.4846e+06 6248 5226 696 15
927232 2791 1935 569 2
362380 1196 693 275 5
656769 1935 1616 342 15
433297 1616 1196 357 7
135978 253 25 21 8
266780 693 626 124 6
145881 626 253 127 2
52504.9 25 0 0 4
1.59406e+06 6397 6248 425 14
0 0 -1 0 -1
2.43769e+06 9628 9445 272 11
2.72786e+06 10585 10405 236 8
1.46063e+06 5226 4607 555 6
1.99268e+06 7604 7426 180 17
1.48531e+06 6341 6248 427 8
1.55277e+06 6381 6341 383 6
1.7334e+06 7388 6659 626 3
1.72856e+06 6659 6381 385 18
1.77145e+06 7426 7388 289 18
2.20709e+06 8654 8535 315 17
1.22667e+06 4607 4505 452 6
2.24853e+06 9445 8654 682 16
1.07421e+06 4505 3957 507 14
2.4778e+06 10405 9628 700 13
2.96235e+06 12665 12581 77 8
2.0213e+06 8535 7604 693 11
2.88764e+06 11603 10585 780 3
