768494 1 210
5.91962e+06 29526 29453 26 9
5.85995e+06 29453 29341 81 7
5.85504e+06 29341 29246 88 1
5.76613e+06 28723 28340 338 26
5.57553e+06 27939 27750 134 14
5.55623e+06 27750 27708 53 28
5.51669e+06 27708 27536 115 28
5.50459e+06 27536 27489 26 26
5.4711e+06 27489 27450 18 6
5.46236e+06 27369 27329 20 28
5.30852e+06 26416 26294 99 15
5.30823e+06 26395 26294 99 25
5.27561e+06 26294 26233 21 26
5.33525e+06 26578 26395 127 28
5.24862e+06 26064 25965 62 24
5.21422e+06 25965 25874 79 25
5.20092e+06 25874 25824 10 26
5.17499e+06 25768 25477 250 14
5.10333e+06 25281 25208 64 20
5.06773e+06 25208 25153 9 20
5.33723e+06 26695 26578 87 25
5.04669e+06 25153 25100 23 5
5.03835e+06 24995 24894 67 25
4.96482e+06 24652 24592 26 12
4.94595e+06 24553 24488 41 25
4.94007e+06 24488 24392 58 9
4.93538e+06 24392 24233 140 19
4.92343e+06 24233 23807 353 10
4.8939e+06 23807 23759 36 20
4.72173e+06 23306 23098 165 3
4.70195e+06 23098 23029 45 2
5.58236e+06 28128 28083 22 19
4.79377e+06 23759 23607 114 10
4.64461e+06 22988 22963 9 5
4.6411e+06 22890 22813 42 8
4.62126e+06 22665 22350 270 24
4.59257e+06 22350 22174 174 28
5.45254e+06 27255 27074 129 25
4.44283e+06 21858 21789 51 7
4.43341e+06 21789 21723 77 4
4.42256e+06 21723 20951 706 18
4.41303e+06 20951 20858 70 27
4.22739e+06 20858 20520 281 13
4.21172e+06 20520 20116 387 2
5.70126e+06 28340 28159 150 15
5.57868e+06 28083 27939 88 8
4.13843e+06 20116 19808 259 22
5.25148e+06 26233 26064 144 2
4.76028e+06 23406 23306 90 3
4.03719e+06 19808 19754 19 16
3.96843e+06 19722 19577 112 23
3.96455e+06 19577 19519 15 20
3.9321e+06 19519 19280 195 3
3.865e+06 19126 19072 53 7
3.85587e+06 19072 18961 75 26
3.82485e+06 18908 18861 31 1
3.82064e+06 18861 18744 105 23
3.81485e+06 18744 18561 137 26
3.7947e+06 18561 18310 239 11
3.7559e+06 18310 18092 188 21
1.57021e+06 7890 7765 74 29
4.65737e+06 23029 22988 17 9
2.08286e+06 9922 9680 202 8
2.65399e+06 12970 12929 10 6
1.53175e+06 7471 7406 55 7
2.3443e+06 11281 11080 200 2
5.7738e+06 28994 28723 260 13
5.40814e+06 26938 26720 204 18
1.49525e+06 7406 7121 221 10
1.66189e+06 8295 8146 115 5
3.50838e+06 17185 17020 93 9
4.78558e+06 23607 23406 154 25
1.61913e+06 7930 7877 9 20
790331 3739 3676 93 22
2.61716e+06 12714 12607 74 26
1.16991e+06 5910 5852 32 4
4.64342e+06 22963 22890 41 29
1.14941e+06 5744 5550 157 19
990658 4855 4776 38 15
5.44171e+06 27074 26938 118 1
1.09222e+06 5486 5299 163 1
2.55997e+06 12337 12216 80 8
1.13109e+06 5550 5486 52 21
945612 4632 4591 34 8
970355 4776 4687 59 7
964707 4687 4632 35 3
1.33377e+06 6117 5983 87 29
1.53689e+06 7659 7471 127 8
1.7449e+06 8675 8529 100 10
1.08032e+06 5299 5169 84 10
5.01553e+06 24894 24820 30 6
3.97175e+06 19754 19722 14 4
938829 4591 4429 127 25
306409 1389 1254 95 4
1.56879e+06 7765 7692 33 7
78527.4 55 0 0 24
1.65129e+06 8146 7930 184 10
1.01705e+06 5062 5007 34 23
262178 1207 1140 147 21
2.45022e+06 11875 11762 92 5
258205 1140 719 206 0
3.34135e+06 16380 16300 85 16
5.83441e+06 29246 29056 163 10
5.76675e+06 28732 28340 340 14
246264 719 665 93 25
1.40874e+06 6664 6117 500 29
1.54706e+06 7692 7659 42 18
143909 665 598 102 17
2.89143e+06 14000 13463 462 5
121629 396 55 14 13
3.02236e+06 14747 14574 146 9
4.48121e+06 22071 21941 121 16
288631 1254 1207 94 6
937781 4429 4369 31 27
5.17597e+06 25824 25768 51 9
1.00359e+06 5007 4960 30 28
1.99761e+06 9670 9483 154 14
396879 1703 1482 145 18
1.1565e+06 5852 5744 105 3
535705 2254 1992 169 25
4.95398e+06 24592 24553 37 3
892904 4032 3848 140 10
996479 4960 4855 72 22
3.84622e+06 18961 18908 10 19
758840 3541 3486 90 27
3.604e+06 17638 17554 58 12
897733 4369 4320 61 16
0 0 -1 0 -1
4.98789e+06 24728 24652 56 10
3.61414e+06 17789 17638 128 25
601132 2755 2603 107 11
1.86745e+06 9231 9179 50 8
1.56918e+06 7877 7765 80 4
538247 2567 2254 223 9
4.99661e+06 24820 24728 84 20
1.41617e+06 7087 7026 68 9
2.64036e+06 12929 12843 94 2
3.12987e+06 15366 15178 145 9
2.74169e+06 13310 13134 134 4
3.31609e+06 15960 15782 162 17
574298 2603 2567 62 23
136995 598 396 68 2
5.38163e+06 26720 26695 16 3
732113 3076 2936 101 24
5.04342e+06 25100 24995 65 3
3.05725e+06 14820 14747 57 7
1.9958e+06 9680 9483 153 8
765412 3676 3541 128 0
3.57391e+06 17554 17305 199 18
5.45812e+06 27329 27255 43 2
1.41406e+06 7026 6664 331 7
732940 3486 3076 328 17
3.13338e+06 15424 15366 52 3
1.92869e+06 9483 9404 74 20
3.64831e+06 17964 17879 63 15
2.63852e+06 12843 12714 74 9
819907 3848 3739 83 1
5.46716e+06 27450 27369 25 13
3.96996e+06 19740 19577 105 27
895032 4320 4032 246 10
1.6951e+06 8393 8295 60 26
1.7195e+06 8529 8393 124 3
3.49713e+06 17020 16992 21 1
1.82962e+06 8796 8675 82 24
3.56189e+06 17305 17278 9 6
1.832e+06 9179 8796 352 19
1.889e+06 9404 9231 119 22
3.51348e+06 17278 17253 25 23
2.18289e+06 10291 9922 305 7
3.87412e+06 19211 19126 46 25
2.66693e+06 13043 12970 51 16
467337 1992 1904 92 8
2.26581e+06 10730 10291 356 27
1.03898e+06 5169 5062 70 25
2.31417e+06 11080 10730 358 26
4.46762e+06 21941 21858 36 10
2.36964e+06 11404 11281 91 3
3.46364e+06 16992 16777 192 26
5.98357e+06 29768 29526 231 9
2.37148e+06 11521 11404 97 7
3.06873e+06 15009 14820 132 22
4.63139e+06 22813 22665 117 14
354212 1482 1389 68 8
2.44049e+06 11762 11580 142 7
2.50525e+06 11939 11875 41 10
2.86765e+06 13463 13306 140 7
2.52825e+06 12216 11939 254 20
2.56906e+06 12511 12337 132 8
5.819e+06 29056 28994 23 24
2.41711e+06 11580 11521 25 20
3.1215e+06 15178 15088 70 16
2.59312e+06 12607 12511 52 22
414219 1904 1703 125 8
3.23895e+06 15782 15467 262 6
2.70558e+06 13134 13043 52 28
2.74147e+06 13306 13134 134 3
2.89718e+06 14110 14000 102 18
4.52562e+06 22174 22071 49 14
1.19946e+06 5983 5910 40 16
3.4565e+06 16777 16453 268 20
2.95552e+06 14170 14110 39 3
2.97572e+06 14521 14426 73 22
1.48669e+06 7121 7087 18 7
3.08676e+06 15088 15009 74 26
3.00876e+06 14574 14521 21 25
3.20425e+06 15467 15424 8 8
631424 2936 2755 106 20
3.32932e+06 16300 15960 281 26
3.92788e+06 19280 19211 39 5
2.18279e+06 10285 9922 305 4
3.40623e+06 16453 16380 45 4
5.16363e+06 25477 25281 144 3
2.96983e+06 14426 14170 209 26
3.51321e+06 17253 17185 39 7
5.62157e+06 28159 28128 16 16
3.62598e+06 17879 17789 59 9
3.69667e+06 18092 17964 109 25
